[2021-12-27 09:33:52] local.ERROR: simplexml_load_string(): Entity: line 1: parser error : Start tag expected, '&lt;' not found {"exception":"[object] (ErrorException(code: 0): simplexml_load_string(): Entity: line 1: parser error : Start tag expected, '&lt;' not found at /home4/jrwuzpmy/public_html/smsc-ekshop-gov-bd/app/Helpers/General.php:252)
[stacktrace]
#0 [internal function]: Illuminate\\Foundation\\Bootstrap\\HandleExceptions->handleError(2, 'simplexml_load_...', '/home4/jrwuzpmy...', 252, Array)
#1 /home4/jrwuzpmy/public_html/smsc-ekshop-gov-bd/app/Helpers/General.php(252): simplexml_load_string('cURL error 28: ...')
#2 /home4/jrwuzpmy/public_html/smsc-ekshop-gov-bd/app/Helpers/SmsProviders.php(128): App\\Helpers\\General::xmltoJson('cURL error 28: ...')
#3 /home4/jrwuzpmy/public_html/smsc-ekshop-gov-bd/app/Http/Controllers/BulkSmsController.php(764): App\\Helpers\\SmsProviders::robiAirtelSms(Array)
#4 /home4/jrwuzpmy/public_html/smsc-ekshop-gov-bd/app/Http/Controllers/BulkSmsController.php(952): App\\Http\\Controllers\\BulkSmsController->robiSendSms(Array)
#5 /home4/jrwuzpmy/public_html/smsc-ekshop-gov-bd/app/Http/Controllers/BulkSmsController.php(80): App\\Http\\Controllers\\BulkSmsController->sendSms(Array)
#6 [internal function]: App\\Http\\Controllers\\BulkSmsController->ekShopSms(Object(Illuminate\\Http\\Request))
#7 /home4/jrwuzpmy/public_html/smsc-ekshop-gov-bd/vendor/laravel/framework/src/Illuminate/Routing/Controller.php(54): call_user_func_array(Array, Array)
#8 /home4/jrwuzpmy/public_html/smsc-ekshop-gov-bd/vendor/laravel/framework/src/Illuminate/Routing/ControllerDispatcher.php(45): Illuminate\\Routing\\Controller->callAction('ekShopSms', Array)
#9 /home4/jrwuzpmy/public_html/smsc-ekshop-gov-bd/vendor/laravel/framework/src/Illuminate/Routing/Route.php(239): Illuminate\\Routing\\ControllerDispatcher->dispatch(Object(Illuminate\\Routing\\Route), Object(App\\Http\\Controllers\\BulkSmsController), 'ekShopSms')
#10 /home4/jrwuzpmy/public_html/smsc-ekshop-gov-bd/vendor/laravel/framework/src/Illuminate/Routing/Route.php(196): Illuminate\\Routing\\Route->runController()
#11 /home4/jrwuzpmy/public_html/smsc-ekshop-gov-bd/vendor/laravel/framework/src/Illuminate/Routing/Router.php(685): Illuminate\\Routing\\Route->run()
#12 /home4/jrwuzpmy/public_html/smsc-ekshop-gov-bd/vendor/laravel/framework/src/Illuminate/Pipeline/Pipeline.php(128): Illuminate\\Routing\\Router->Illuminate\\Routing\\{closure}(Object(Illuminate\\Http\\Request))
#13 /home4/jrwuzpmy/public_html/smsc-ekshop-gov-bd/vendor/laravel/framework/src/Illuminate/Routing/Middleware/SubstituteBindings.php(41): Illuminate\\Pipeline\\Pipeline->Illuminate\\Pipeline\\{closure}(Object(Illuminate\\Http\\Request))
#14 /home4/jrwuzpmy/public_html/smsc-ekshop-gov-bd/vendor/laravel/framework/src/Illuminate/Pipeline/Pipeline.php(167): Illuminate\\Routing\\Middleware\\SubstituteBindings->handle(Object(Illuminate\\Http\\Request), Object(Closure))
#15 /home4/jrwuzpmy/public_html/smsc-ekshop-gov-bd/vendor/laravel/framework/src/Illuminate/Foundation/Http/Middleware/VerifyCsrfToken.php(77): Illuminate\\Pipeline\\Pipeline->Illuminate\\Pipeline\\{closure}(Object(Illuminate\\Http\\Request))
#16 /home4/jrwuzpmy/public_html/smsc-ekshop-gov-bd/vendor/laravel/framework/src/Illuminate/Pipeline/Pipeline.php(167): Illuminate\\Foundation\\Http\\Middleware\\VerifyCsrfToken->handle(Object(Illuminate\\Http\\Request), Object(Closure))
#17 /home4/jrwuzpmy/public_html/smsc-ekshop-gov-bd/vendor/laravel/framework/src/Illuminate/View/Middleware/ShareErrorsFromSession.php(49): Illuminate\\Pipeline\\Pipeline->Illuminate\\Pipeline\\{closure}(Object(Illuminate\\Http\\Request))
#18 /home4/jrwuzpmy/public_html/smsc-ekshop-gov-bd/vendor/laravel/framework/src/Illuminate/Pipeline/Pipeline.php(167): Illuminate\\View\\Middleware\\ShareErrorsFromSession->handle(Object(Illuminate\\Http\\Request), Object(Closure))
#19 /home4/jrwuzpmy/public_html/smsc-ekshop-gov-bd/vendor/laravel/framework/src/Illuminate/Session/Middleware/StartSession.php(116): Illuminate\\Pipeline\\Pipeline->Illuminate\\Pipeline\\{closure}(Object(Illuminate\\Http\\Request))
#20 /home4/jrwuzpmy/public_html/smsc-ekshop-gov-bd/vendor/laravel/framework/src/Illuminate/Session/Middleware/StartSession.php(62): Illuminate\\Session\\Middleware\\StartSession->handleStatefulRequest(Object(Illuminate\\Http\\Request), Object(Illuminate\\Session\\Store), Object(Closure))
#21 /home4/jrwuzpmy/public_html/smsc-ekshop-gov-bd/vendor/laravel/framework/src/Illuminate/Pipeline/Pipeline.php(167): Illuminate\\Session\\Middleware\\StartSession->handle(Object(Illuminate\\Http\\Request), Object(Closure))
#22 /home4/jrwuzpmy/public_html/smsc-ekshop-gov-bd/vendor/laravel/framework/src/Illuminate/Cookie/Middleware/AddQueuedCookiesToResponse.php(37): Illuminate\\Pipeline\\Pipeline->Illuminate\\Pipeline\\{closure}(Object(Illuminate\\Http\\Request))
#23 /home4/jrwuzpmy/public_html/smsc-ekshop-gov-bd/vendor/laravel/framework/src/Illuminate/Pipeline/Pipeline.php(167): Illuminate\\Cookie\\Middleware\\AddQueuedCookiesToResponse->handle(Object(Illuminate\\Http\\Request), Object(Closure))
#24 /home4/jrwuzpmy/public_html/smsc-ekshop-gov-bd/vendor/laravel/framework/src/Illuminate/Cookie/Middleware/EncryptCookies.php(67): Illuminate\\Pipeline\\Pipeline->Illuminate\\Pipeline\\{closure}(Object(Illuminate\\Http\\Request))
#25 /home4/jrwuzpmy/public_html/smsc-ekshop-gov-bd/vendor/laravel/framework/src/Illuminate/Pipeline/Pipeline.php(167): Illuminate\\Cookie\\Middleware\\EncryptCookies->handle(Object(Illuminate\\Http\\Request), Object(Closure))
#26 /home4/jrwuzpmy/public_html/smsc-ekshop-gov-bd/vendor/laravel/framework/src/Illuminate/Pipeline/Pipeline.php(103): Illuminate\\Pipeline\\Pipeline->Illuminate\\Pipeline\\{closure}(Object(Illuminate\\Http\\Request))
#27 /home4/jrwuzpmy/public_html/smsc-ekshop-gov-bd/vendor/laravel/framework/src/Illuminate/Routing/Router.php(687): Illuminate\\Pipeline\\Pipeline->then(Object(Closure))
#28 /home4/jrwuzpmy/public_html/smsc-ekshop-gov-bd/vendor/laravel/framework/src/Illuminate/Routing/Router.php(662): Illuminate\\Routing\\Router->runRouteWithinStack(Object(Illuminate\\Routing\\Route), Object(Illuminate\\Http\\Request))
#29 /home4/jrwuzpmy/public_html/smsc-ekshop-gov-bd/vendor/laravel/framework/src/Illuminate/Routing/Router.php(628): Illuminate\\Routing\\Router->runRoute(Object(Illuminate\\Http\\Request), Object(Illuminate\\Routing\\Route))
#30 /home4/jrwuzpmy/public_html/smsc-ekshop-gov-bd/vendor/laravel/framework/src/Illuminate/Routing/Router.php(617): Illuminate\\Routing\\Router->dispatchToRoute(Object(Illuminate\\Http\\Request))
#31 /home4/jrwuzpmy/public_html/smsc-ekshop-gov-bd/vendor/laravel/framework/src/Illuminate/Foundation/Http/Kernel.php(165): Illuminate\\Routing\\Router->dispatch(Object(Illuminate\\Http\\Request))
#32 /home4/jrwuzpmy/public_html/smsc-ekshop-gov-bd/vendor/laravel/framework/src/Illuminate/Pipeline/Pipeline.php(128): Illuminate\\Foundation\\Http\\Kernel->Illuminate\\Foundation\\Http\\{closure}(Object(Illuminate\\Http\\Request))
#33 /home4/jrwuzpmy/public_html/smsc-ekshop-gov-bd/vendor/laravel/framework/src/Illuminate/Foundation/Http/Middleware/TransformsRequest.php(21): Illuminate\\Pipeline\\Pipeline->Illuminate\\Pipeline\\{closure}(Object(Illuminate\\Http\\Request))
#34 /home4/jrwuzpmy/public_html/smsc-ekshop-gov-bd/vendor/laravel/framework/src/Illuminate/Pipeline/Pipeline.php(167): Illuminate\\Foundation\\Http\\Middleware\\TransformsRequest->handle(Object(Illuminate\\Http\\Request), Object(Closure))
#35 /home4/jrwuzpmy/public_html/smsc-ekshop-gov-bd/vendor/laravel/framework/src/Illuminate/Foundation/Http/Middleware/TransformsRequest.php(21): Illuminate\\Pipeline\\Pipeline->Illuminate\\Pipeline\\{closure}(Object(Illuminate\\Http\\Request))
#36 /home4/jrwuzpmy/public_html/smsc-ekshop-gov-bd/vendor/laravel/framework/src/Illuminate/Pipeline/Pipeline.php(167): Illuminate\\Foundation\\Http\\Middleware\\TransformsRequest->handle(Object(Illuminate\\Http\\Request), Object(Closure))
#37 /home4/jrwuzpmy/public_html/smsc-ekshop-gov-bd/vendor/laravel/framework/src/Illuminate/Foundation/Http/Middleware/ValidatePostSize.php(27): Illuminate\\Pipeline\\Pipeline->Illuminate\\Pipeline\\{closure}(Object(Illuminate\\Http\\Request))
#38 /home4/jrwuzpmy/public_html/smsc-ekshop-gov-bd/vendor/laravel/framework/src/Illuminate/Pipeline/Pipeline.php(167): Illuminate\\Foundation\\Http\\Middleware\\ValidatePostSize->handle(Object(Illuminate\\Http\\Request), Object(Closure))
#39 /home4/jrwuzpmy/public_html/smsc-ekshop-gov-bd/vendor/laravel/framework/src/Illuminate/Foundation/Http/Middleware/CheckForMaintenanceMode.php(63): Illuminate\\Pipeline\\Pipeline->Illuminate\\Pipeline\\{closure}(Object(Illuminate\\Http\\Request))
#40 /home4/jrwuzpmy/public_html/smsc-ekshop-gov-bd/vendor/laravel/framework/src/Illuminate/Pipeline/Pipeline.php(167): Illuminate\\Foundation\\Http\\Middleware\\CheckForMaintenanceMode->handle(Object(Illuminate\\Http\\Request), Object(Closure))
#41 /home4/jrwuzpmy/public_html/smsc-ekshop-gov-bd/vendor/fruitcake/laravel-cors/src/HandleCors.php(37): Illuminate\\Pipeline\\Pipeline->Illuminate\\Pipeline\\{closure}(Object(Illuminate\\Http\\Request))
#42 /home4/jrwuzpmy/public_html/smsc-ekshop-gov-bd/vendor/laravel/framework/src/Illuminate/Pipeline/Pipeline.php(167): Fruitcake\\Cors\\HandleCors->handle(Object(Illuminate\\Http\\Request), Object(Closure))
#43 /home4/jrwuzpmy/public_html/smsc-ekshop-gov-bd/vendor/fideloper/proxy/src/TrustProxies.php(57): Illuminate\\Pipeline\\Pipeline->Illuminate\\Pipeline\\{closure}(Object(Illuminate\\Http\\Request))
#44 /home4/jrwuzpmy/public_html/smsc-ekshop-gov-bd/vendor/laravel/framework/src/Illuminate/Pipeline/Pipeline.php(167): Fideloper\\Proxy\\TrustProxies->handle(Object(Illuminate\\Http\\Request), Object(Closure))
#45 /home4/jrwuzpmy/public_html/smsc-ekshop-gov-bd/vendor/laravel/framework/src/Illuminate/Pipeline/Pipeline.php(103): Illuminate\\Pipeline\\Pipeline->Illuminate\\Pipeline\\{closure}(Object(Illuminate\\Http\\Request))
#46 /home4/jrwuzpmy/public_html/smsc-ekshop-gov-bd/vendor/laravel/framework/src/Illuminate/Foundation/Http/Kernel.php(140): Illuminate\\Pipeline\\Pipeline->then(Object(Closure))
#47 /home4/jrwuzpmy/public_html/smsc-ekshop-gov-bd/vendor/laravel/framework/src/Illuminate/Foundation/Http/Kernel.php(109): Illuminate\\Foundation\\Http\\Kernel->sendRequestThroughRouter(Object(Illuminate\\Http\\Request))
#48 /home4/jrwuzpmy/public_html/smsc-ekshop-gov-bd/public/index.php(55): Illuminate\\Foundation\\Http\\Kernel->handle(Object(Illuminate\\Http\\Request))
#49 {main}
"} 
[2021-12-28 14:34:07] local.ERROR: Undefined index: msg_char_count {"exception":"[object] (ErrorException(code: 0): Undefined index: msg_char_count at /home4/jrwuzpmy/public_html/smsc-ekshop-gov-bd/app/Helpers/General.php:110)
[stacktrace]
#0 /home4/jrwuzpmy/public_html/smsc-ekshop-gov-bd/app/Helpers/General.php(110): Illuminate\\Foundation\\Bootstrap\\HandleExceptions->handleError(8, 'Undefined index...', '/home4/jrwuzpmy...', 110, Array)
#1 /home4/jrwuzpmy/public_html/smsc-ekshop-gov-bd/app/Http/Controllers/BulkSmsController.php(228): App\\Helpers\\General::setVfCreateValues(Array)
#2 /home4/jrwuzpmy/public_html/smsc-ekshop-gov-bd/app/Http/Controllers/BulkSmsController.php(868): App\\Http\\Controllers\\BulkSmsController->storeSuccessSms(Array)
#3 /home4/jrwuzpmy/public_html/smsc-ekshop-gov-bd/app/Http/Controllers/BulkSmsController.php(979): App\\Http\\Controllers\\BulkSmsController->teletalkSendSmsA2i(Array)
#4 /home4/jrwuzpmy/public_html/smsc-ekshop-gov-bd/app/Http/Controllers/BulkSmsController.php(111): App\\Http\\Controllers\\BulkSmsController->sendSms(Array)
#5 [internal function]: App\\Http\\Controllers\\BulkSmsController->ekShopPromotionSms(Object(Illuminate\\Http\\Request))
#6 /home4/jrwuzpmy/public_html/smsc-ekshop-gov-bd/vendor/laravel/framework/src/Illuminate/Routing/Controller.php(54): call_user_func_array(Array, Array)
#7 /home4/jrwuzpmy/public_html/smsc-ekshop-gov-bd/vendor/laravel/framework/src/Illuminate/Routing/ControllerDispatcher.php(45): Illuminate\\Routing\\Controller->callAction('ekShopPromotion...', Array)
#8 /home4/jrwuzpmy/public_html/smsc-ekshop-gov-bd/vendor/laravel/framework/src/Illuminate/Routing/Route.php(239): Illuminate\\Routing\\ControllerDispatcher->dispatch(Object(Illuminate\\Routing\\Route), Object(App\\Http\\Controllers\\BulkSmsController), 'ekShopPromotion...')
#9 /home4/jrwuzpmy/public_html/smsc-ekshop-gov-bd/vendor/laravel/framework/src/Illuminate/Routing/Route.php(196): Illuminate\\Routing\\Route->runController()
#10 /home4/jrwuzpmy/public_html/smsc-ekshop-gov-bd/vendor/laravel/framework/src/Illuminate/Routing/Router.php(685): Illuminate\\Routing\\Route->run()
#11 /home4/jrwuzpmy/public_html/smsc-ekshop-gov-bd/vendor/laravel/framework/src/Illuminate/Pipeline/Pipeline.php(128): Illuminate\\Routing\\Router->Illuminate\\Routing\\{closure}(Object(Illuminate\\Http\\Request))
#12 /home4/jrwuzpmy/public_html/smsc-ekshop-gov-bd/vendor/laravel/framework/src/Illuminate/Routing/Middleware/SubstituteBindings.php(41): Illuminate\\Pipeline\\Pipeline->Illuminate\\Pipeline\\{closure}(Object(Illuminate\\Http\\Request))
#13 /home4/jrwuzpmy/public_html/smsc-ekshop-gov-bd/vendor/laravel/framework/src/Illuminate/Pipeline/Pipeline.php(167): Illuminate\\Routing\\Middleware\\SubstituteBindings->handle(Object(Illuminate\\Http\\Request), Object(Closure))
#14 /home4/jrwuzpmy/public_html/smsc-ekshop-gov-bd/vendor/laravel/framework/src/Illuminate/Foundation/Http/Middleware/VerifyCsrfToken.php(77): Illuminate\\Pipeline\\Pipeline->Illuminate\\Pipeline\\{closure}(Object(Illuminate\\Http\\Request))
#15 /home4/jrwuzpmy/public_html/smsc-ekshop-gov-bd/vendor/laravel/framework/src/Illuminate/Pipeline/Pipeline.php(167): Illuminate\\Foundation\\Http\\Middleware\\VerifyCsrfToken->handle(Object(Illuminate\\Http\\Request), Object(Closure))
#16 /home4/jrwuzpmy/public_html/smsc-ekshop-gov-bd/vendor/laravel/framework/src/Illuminate/View/Middleware/ShareErrorsFromSession.php(49): Illuminate\\Pipeline\\Pipeline->Illuminate\\Pipeline\\{closure}(Object(Illuminate\\Http\\Request))
#17 /home4/jrwuzpmy/public_html/smsc-ekshop-gov-bd/vendor/laravel/framework/src/Illuminate/Pipeline/Pipeline.php(167): Illuminate\\View\\Middleware\\ShareErrorsFromSession->handle(Object(Illuminate\\Http\\Request), Object(Closure))
#18 /home4/jrwuzpmy/public_html/smsc-ekshop-gov-bd/vendor/laravel/framework/src/Illuminate/Session/Middleware/StartSession.php(116): Illuminate\\Pipeline\\Pipeline->Illuminate\\Pipeline\\{closure}(Object(Illuminate\\Http\\Request))
#19 /home4/jrwuzpmy/public_html/smsc-ekshop-gov-bd/vendor/laravel/framework/src/Illuminate/Session/Middleware/StartSession.php(62): Illuminate\\Session\\Middleware\\StartSession->handleStatefulRequest(Object(Illuminate\\Http\\Request), Object(Illuminate\\Session\\Store), Object(Closure))
#20 /home4/jrwuzpmy/public_html/smsc-ekshop-gov-bd/vendor/laravel/framework/src/Illuminate/Pipeline/Pipeline.php(167): Illuminate\\Session\\Middleware\\StartSession->handle(Object(Illuminate\\Http\\Request), Object(Closure))
#21 /home4/jrwuzpmy/public_html/smsc-ekshop-gov-bd/vendor/laravel/framework/src/Illuminate/Cookie/Middleware/AddQueuedCookiesToResponse.php(37): Illuminate\\Pipeline\\Pipeline->Illuminate\\Pipeline\\{closure}(Object(Illuminate\\Http\\Request))
#22 /home4/jrwuzpmy/public_html/smsc-ekshop-gov-bd/vendor/laravel/framework/src/Illuminate/Pipeline/Pipeline.php(167): Illuminate\\Cookie\\Middleware\\AddQueuedCookiesToResponse->handle(Object(Illuminate\\Http\\Request), Object(Closure))
#23 /home4/jrwuzpmy/public_html/smsc-ekshop-gov-bd/vendor/laravel/framework/src/Illuminate/Cookie/Middleware/EncryptCookies.php(67): Illuminate\\Pipeline\\Pipeline->Illuminate\\Pipeline\\{closure}(Object(Illuminate\\Http\\Request))
#24 /home4/jrwuzpmy/public_html/smsc-ekshop-gov-bd/vendor/laravel/framework/src/Illuminate/Pipeline/Pipeline.php(167): Illuminate\\Cookie\\Middleware\\EncryptCookies->handle(Object(Illuminate\\Http\\Request), Object(Closure))
#25 /home4/jrwuzpmy/public_html/smsc-ekshop-gov-bd/vendor/laravel/framework/src/Illuminate/Pipeline/Pipeline.php(103): Illuminate\\Pipeline\\Pipeline->Illuminate\\Pipeline\\{closure}(Object(Illuminate\\Http\\Request))
#26 /home4/jrwuzpmy/public_html/smsc-ekshop-gov-bd/vendor/laravel/framework/src/Illuminate/Routing/Router.php(687): Illuminate\\Pipeline\\Pipeline->then(Object(Closure))
#27 /home4/jrwuzpmy/public_html/smsc-ekshop-gov-bd/vendor/laravel/framework/src/Illuminate/Routing/Router.php(662): Illuminate\\Routing\\Router->runRouteWithinStack(Object(Illuminate\\Routing\\Route), Object(Illuminate\\Http\\Request))
#28 /home4/jrwuzpmy/public_html/smsc-ekshop-gov-bd/vendor/laravel/framework/src/Illuminate/Routing/Router.php(628): Illuminate\\Routing\\Router->runRoute(Object(Illuminate\\Http\\Request), Object(Illuminate\\Routing\\Route))
#29 /home4/jrwuzpmy/public_html/smsc-ekshop-gov-bd/vendor/laravel/framework/src/Illuminate/Routing/Router.php(617): Illuminate\\Routing\\Router->dispatchToRoute(Object(Illuminate\\Http\\Request))
#30 /home4/jrwuzpmy/public_html/smsc-ekshop-gov-bd/vendor/laravel/framework/src/Illuminate/Foundation/Http/Kernel.php(165): Illuminate\\Routing\\Router->dispatch(Object(Illuminate\\Http\\Request))
#31 /home4/jrwuzpmy/public_html/smsc-ekshop-gov-bd/vendor/laravel/framework/src/Illuminate/Pipeline/Pipeline.php(128): Illuminate\\Foundation\\Http\\Kernel->Illuminate\\Foundation\\Http\\{closure}(Object(Illuminate\\Http\\Request))
#32 /home4/jrwuzpmy/public_html/smsc-ekshop-gov-bd/vendor/laravel/framework/src/Illuminate/Foundation/Http/Middleware/TransformsRequest.php(21): Illuminate\\Pipeline\\Pipeline->Illuminate\\Pipeline\\{closure}(Object(Illuminate\\Http\\Request))
#33 /home4/jrwuzpmy/public_html/smsc-ekshop-gov-bd/vendor/laravel/framework/src/Illuminate/Pipeline/Pipeline.php(167): Illuminate\\Foundation\\Http\\Middleware\\TransformsRequest->handle(Object(Illuminate\\Http\\Request), Object(Closure))
#34 /home4/jrwuzpmy/public_html/smsc-ekshop-gov-bd/vendor/laravel/framework/src/Illuminate/Foundation/Http/Middleware/TransformsRequest.php(21): Illuminate\\Pipeline\\Pipeline->Illuminate\\Pipeline\\{closure}(Object(Illuminate\\Http\\Request))
#35 /home4/jrwuzpmy/public_html/smsc-ekshop-gov-bd/vendor/laravel/framework/src/Illuminate/Pipeline/Pipeline.php(167): Illuminate\\Foundation\\Http\\Middleware\\TransformsRequest->handle(Object(Illuminate\\Http\\Request), Object(Closure))
#36 /home4/jrwuzpmy/public_html/smsc-ekshop-gov-bd/vendor/laravel/framework/src/Illuminate/Foundation/Http/Middleware/ValidatePostSize.php(27): Illuminate\\Pipeline\\Pipeline->Illuminate\\Pipeline\\{closure}(Object(Illuminate\\Http\\Request))
#37 /home4/jrwuzpmy/public_html/smsc-ekshop-gov-bd/vendor/laravel/framework/src/Illuminate/Pipeline/Pipeline.php(167): Illuminate\\Foundation\\Http\\Middleware\\ValidatePostSize->handle(Object(Illuminate\\Http\\Request), Object(Closure))
#38 /home4/jrwuzpmy/public_html/smsc-ekshop-gov-bd/vendor/laravel/framework/src/Illuminate/Foundation/Http/Middleware/CheckForMaintenanceMode.php(63): Illuminate\\Pipeline\\Pipeline->Illuminate\\Pipeline\\{closure}(Object(Illuminate\\Http\\Request))
#39 /home4/jrwuzpmy/public_html/smsc-ekshop-gov-bd/vendor/laravel/framework/src/Illuminate/Pipeline/Pipeline.php(167): Illuminate\\Foundation\\Http\\Middleware\\CheckForMaintenanceMode->handle(Object(Illuminate\\Http\\Request), Object(Closure))
#40 /home4/jrwuzpmy/public_html/smsc-ekshop-gov-bd/vendor/fruitcake/laravel-cors/src/HandleCors.php(37): Illuminate\\Pipeline\\Pipeline->Illuminate\\Pipeline\\{closure}(Object(Illuminate\\Http\\Request))
#41 /home4/jrwuzpmy/public_html/smsc-ekshop-gov-bd/vendor/laravel/framework/src/Illuminate/Pipeline/Pipeline.php(167): Fruitcake\\Cors\\HandleCors->handle(Object(Illuminate\\Http\\Request), Object(Closure))
#42 /home4/jrwuzpmy/public_html/smsc-ekshop-gov-bd/vendor/fideloper/proxy/src/TrustProxies.php(57): Illuminate\\Pipeline\\Pipeline->Illuminate\\Pipeline\\{closure}(Object(Illuminate\\Http\\Request))
#43 /home4/jrwuzpmy/public_html/smsc-ekshop-gov-bd/vendor/laravel/framework/src/Illuminate/Pipeline/Pipeline.php(167): Fideloper\\Proxy\\TrustProxies->handle(Object(Illuminate\\Http\\Request), Object(Closure))
#44 /home4/jrwuzpmy/public_html/smsc-ekshop-gov-bd/vendor/laravel/framework/src/Illuminate/Pipeline/Pipeline.php(103): Illuminate\\Pipeline\\Pipeline->Illuminate\\Pipeline\\{closure}(Object(Illuminate\\Http\\Request))
#45 /home4/jrwuzpmy/public_html/smsc-ekshop-gov-bd/vendor/laravel/framework/src/Illuminate/Foundation/Http/Kernel.php(140): Illuminate\\Pipeline\\Pipeline->then(Object(Closure))
#46 /home4/jrwuzpmy/public_html/smsc-ekshop-gov-bd/vendor/laravel/framework/src/Illuminate/Foundation/Http/Kernel.php(109): Illuminate\\Foundation\\Http\\Kernel->sendRequestThroughRouter(Object(Illuminate\\Http\\Request))
#47 /home4/jrwuzpmy/public_html/smsc-ekshop-gov-bd/public/index.php(55): Illuminate\\Foundation\\Http\\Kernel->handle(Object(Illuminate\\Http\\Request))
#48 {main}
"} 
[2021-12-28 14:36:27] local.ERROR: Undefined index: msg_char_count {"exception":"[object] (ErrorException(code: 0): Undefined index: msg_char_count at /home4/jrwuzpmy/public_html/smsc-ekshop-gov-bd/app/Helpers/General.php:110)
[stacktrace]
#0 /home4/jrwuzpmy/public_html/smsc-ekshop-gov-bd/app/Helpers/General.php(110): Illuminate\\Foundation\\Bootstrap\\HandleExceptions->handleError(8, 'Undefined index...', '/home4/jrwuzpmy...', 110, Array)
#1 /home4/jrwuzpmy/public_html/smsc-ekshop-gov-bd/app/Http/Controllers/BulkSmsController.php(228): App\\Helpers\\General::setVfCreateValues(Array)
#2 /home4/jrwuzpmy/public_html/smsc-ekshop-gov-bd/app/Http/Controllers/BulkSmsController.php(868): App\\Http\\Controllers\\BulkSmsController->storeSuccessSms(Array)
#3 /home4/jrwuzpmy/public_html/smsc-ekshop-gov-bd/app/Http/Controllers/BulkSmsController.php(979): App\\Http\\Controllers\\BulkSmsController->teletalkSendSmsA2i(Array)
#4 /home4/jrwuzpmy/public_html/smsc-ekshop-gov-bd/app/Http/Controllers/BulkSmsController.php(111): App\\Http\\Controllers\\BulkSmsController->sendSms(Array)
#5 [internal function]: App\\Http\\Controllers\\BulkSmsController->ekShopPromotionSms(Object(Illuminate\\Http\\Request))
#6 /home4/jrwuzpmy/public_html/smsc-ekshop-gov-bd/vendor/laravel/framework/src/Illuminate/Routing/Controller.php(54): call_user_func_array(Array, Array)
#7 /home4/jrwuzpmy/public_html/smsc-ekshop-gov-bd/vendor/laravel/framework/src/Illuminate/Routing/ControllerDispatcher.php(45): Illuminate\\Routing\\Controller->callAction('ekShopPromotion...', Array)
#8 /home4/jrwuzpmy/public_html/smsc-ekshop-gov-bd/vendor/laravel/framework/src/Illuminate/Routing/Route.php(239): Illuminate\\Routing\\ControllerDispatcher->dispatch(Object(Illuminate\\Routing\\Route), Object(App\\Http\\Controllers\\BulkSmsController), 'ekShopPromotion...')
#9 /home4/jrwuzpmy/public_html/smsc-ekshop-gov-bd/vendor/laravel/framework/src/Illuminate/Routing/Route.php(196): Illuminate\\Routing\\Route->runController()
#10 /home4/jrwuzpmy/public_html/smsc-ekshop-gov-bd/vendor/laravel/framework/src/Illuminate/Routing/Router.php(685): Illuminate\\Routing\\Route->run()
#11 /home4/jrwuzpmy/public_html/smsc-ekshop-gov-bd/vendor/laravel/framework/src/Illuminate/Pipeline/Pipeline.php(128): Illuminate\\Routing\\Router->Illuminate\\Routing\\{closure}(Object(Illuminate\\Http\\Request))
#12 /home4/jrwuzpmy/public_html/smsc-ekshop-gov-bd/vendor/laravel/framework/src/Illuminate/Routing/Middleware/SubstituteBindings.php(41): Illuminate\\Pipeline\\Pipeline->Illuminate\\Pipeline\\{closure}(Object(Illuminate\\Http\\Request))
#13 /home4/jrwuzpmy/public_html/smsc-ekshop-gov-bd/vendor/laravel/framework/src/Illuminate/Pipeline/Pipeline.php(167): Illuminate\\Routing\\Middleware\\SubstituteBindings->handle(Object(Illuminate\\Http\\Request), Object(Closure))
#14 /home4/jrwuzpmy/public_html/smsc-ekshop-gov-bd/vendor/laravel/framework/src/Illuminate/Foundation/Http/Middleware/VerifyCsrfToken.php(77): Illuminate\\Pipeline\\Pipeline->Illuminate\\Pipeline\\{closure}(Object(Illuminate\\Http\\Request))
#15 /home4/jrwuzpmy/public_html/smsc-ekshop-gov-bd/vendor/laravel/framework/src/Illuminate/Pipeline/Pipeline.php(167): Illuminate\\Foundation\\Http\\Middleware\\VerifyCsrfToken->handle(Object(Illuminate\\Http\\Request), Object(Closure))
#16 /home4/jrwuzpmy/public_html/smsc-ekshop-gov-bd/vendor/laravel/framework/src/Illuminate/View/Middleware/ShareErrorsFromSession.php(49): Illuminate\\Pipeline\\Pipeline->Illuminate\\Pipeline\\{closure}(Object(Illuminate\\Http\\Request))
#17 /home4/jrwuzpmy/public_html/smsc-ekshop-gov-bd/vendor/laravel/framework/src/Illuminate/Pipeline/Pipeline.php(167): Illuminate\\View\\Middleware\\ShareErrorsFromSession->handle(Object(Illuminate\\Http\\Request), Object(Closure))
#18 /home4/jrwuzpmy/public_html/smsc-ekshop-gov-bd/vendor/laravel/framework/src/Illuminate/Session/Middleware/StartSession.php(116): Illuminate\\Pipeline\\Pipeline->Illuminate\\Pipeline\\{closure}(Object(Illuminate\\Http\\Request))
#19 /home4/jrwuzpmy/public_html/smsc-ekshop-gov-bd/vendor/laravel/framework/src/Illuminate/Session/Middleware/StartSession.php(62): Illuminate\\Session\\Middleware\\StartSession->handleStatefulRequest(Object(Illuminate\\Http\\Request), Object(Illuminate\\Session\\Store), Object(Closure))
#20 /home4/jrwuzpmy/public_html/smsc-ekshop-gov-bd/vendor/laravel/framework/src/Illuminate/Pipeline/Pipeline.php(167): Illuminate\\Session\\Middleware\\StartSession->handle(Object(Illuminate\\Http\\Request), Object(Closure))
#21 /home4/jrwuzpmy/public_html/smsc-ekshop-gov-bd/vendor/laravel/framework/src/Illuminate/Cookie/Middleware/AddQueuedCookiesToResponse.php(37): Illuminate\\Pipeline\\Pipeline->Illuminate\\Pipeline\\{closure}(Object(Illuminate\\Http\\Request))
#22 /home4/jrwuzpmy/public_html/smsc-ekshop-gov-bd/vendor/laravel/framework/src/Illuminate/Pipeline/Pipeline.php(167): Illuminate\\Cookie\\Middleware\\AddQueuedCookiesToResponse->handle(Object(Illuminate\\Http\\Request), Object(Closure))
#23 /home4/jrwuzpmy/public_html/smsc-ekshop-gov-bd/vendor/laravel/framework/src/Illuminate/Cookie/Middleware/EncryptCookies.php(67): Illuminate\\Pipeline\\Pipeline->Illuminate\\Pipeline\\{closure}(Object(Illuminate\\Http\\Request))
#24 /home4/jrwuzpmy/public_html/smsc-ekshop-gov-bd/vendor/laravel/framework/src/Illuminate/Pipeline/Pipeline.php(167): Illuminate\\Cookie\\Middleware\\EncryptCookies->handle(Object(Illuminate\\Http\\Request), Object(Closure))
#25 /home4/jrwuzpmy/public_html/smsc-ekshop-gov-bd/vendor/laravel/framework/src/Illuminate/Pipeline/Pipeline.php(103): Illuminate\\Pipeline\\Pipeline->Illuminate\\Pipeline\\{closure}(Object(Illuminate\\Http\\Request))
#26 /home4/jrwuzpmy/public_html/smsc-ekshop-gov-bd/vendor/laravel/framework/src/Illuminate/Routing/Router.php(687): Illuminate\\Pipeline\\Pipeline->then(Object(Closure))
#27 /home4/jrwuzpmy/public_html/smsc-ekshop-gov-bd/vendor/laravel/framework/src/Illuminate/Routing/Router.php(662): Illuminate\\Routing\\Router->runRouteWithinStack(Object(Illuminate\\Routing\\Route), Object(Illuminate\\Http\\Request))
#28 /home4/jrwuzpmy/public_html/smsc-ekshop-gov-bd/vendor/laravel/framework/src/Illuminate/Routing/Router.php(628): Illuminate\\Routing\\Router->runRoute(Object(Illuminate\\Http\\Request), Object(Illuminate\\Routing\\Route))
#29 /home4/jrwuzpmy/public_html/smsc-ekshop-gov-bd/vendor/laravel/framework/src/Illuminate/Routing/Router.php(617): Illuminate\\Routing\\Router->dispatchToRoute(Object(Illuminate\\Http\\Request))
#30 /home4/jrwuzpmy/public_html/smsc-ekshop-gov-bd/vendor/laravel/framework/src/Illuminate/Foundation/Http/Kernel.php(165): Illuminate\\Routing\\Router->dispatch(Object(Illuminate\\Http\\Request))
#31 /home4/jrwuzpmy/public_html/smsc-ekshop-gov-bd/vendor/laravel/framework/src/Illuminate/Pipeline/Pipeline.php(128): Illuminate\\Foundation\\Http\\Kernel->Illuminate\\Foundation\\Http\\{closure}(Object(Illuminate\\Http\\Request))
#32 /home4/jrwuzpmy/public_html/smsc-ekshop-gov-bd/vendor/laravel/framework/src/Illuminate/Foundation/Http/Middleware/TransformsRequest.php(21): Illuminate\\Pipeline\\Pipeline->Illuminate\\Pipeline\\{closure}(Object(Illuminate\\Http\\Request))
#33 /home4/jrwuzpmy/public_html/smsc-ekshop-gov-bd/vendor/laravel/framework/src/Illuminate/Pipeline/Pipeline.php(167): Illuminate\\Foundation\\Http\\Middleware\\TransformsRequest->handle(Object(Illuminate\\Http\\Request), Object(Closure))
#34 /home4/jrwuzpmy/public_html/smsc-ekshop-gov-bd/vendor/laravel/framework/src/Illuminate/Foundation/Http/Middleware/TransformsRequest.php(21): Illuminate\\Pipeline\\Pipeline->Illuminate\\Pipeline\\{closure}(Object(Illuminate\\Http\\Request))
#35 /home4/jrwuzpmy/public_html/smsc-ekshop-gov-bd/vendor/laravel/framework/src/Illuminate/Pipeline/Pipeline.php(167): Illuminate\\Foundation\\Http\\Middleware\\TransformsRequest->handle(Object(Illuminate\\Http\\Request), Object(Closure))
#36 /home4/jrwuzpmy/public_html/smsc-ekshop-gov-bd/vendor/laravel/framework/src/Illuminate/Foundation/Http/Middleware/ValidatePostSize.php(27): Illuminate\\Pipeline\\Pipeline->Illuminate\\Pipeline\\{closure}(Object(Illuminate\\Http\\Request))
#37 /home4/jrwuzpmy/public_html/smsc-ekshop-gov-bd/vendor/laravel/framework/src/Illuminate/Pipeline/Pipeline.php(167): Illuminate\\Foundation\\Http\\Middleware\\ValidatePostSize->handle(Object(Illuminate\\Http\\Request), Object(Closure))
#38 /home4/jrwuzpmy/public_html/smsc-ekshop-gov-bd/vendor/laravel/framework/src/Illuminate/Foundation/Http/Middleware/CheckForMaintenanceMode.php(63): Illuminate\\Pipeline\\Pipeline->Illuminate\\Pipeline\\{closure}(Object(Illuminate\\Http\\Request))
#39 /home4/jrwuzpmy/public_html/smsc-ekshop-gov-bd/vendor/laravel/framework/src/Illuminate/Pipeline/Pipeline.php(167): Illuminate\\Foundation\\Http\\Middleware\\CheckForMaintenanceMode->handle(Object(Illuminate\\Http\\Request), Object(Closure))
#40 /home4/jrwuzpmy/public_html/smsc-ekshop-gov-bd/vendor/fruitcake/laravel-cors/src/HandleCors.php(37): Illuminate\\Pipeline\\Pipeline->Illuminate\\Pipeline\\{closure}(Object(Illuminate\\Http\\Request))
#41 /home4/jrwuzpmy/public_html/smsc-ekshop-gov-bd/vendor/laravel/framework/src/Illuminate/Pipeline/Pipeline.php(167): Fruitcake\\Cors\\HandleCors->handle(Object(Illuminate\\Http\\Request), Object(Closure))
#42 /home4/jrwuzpmy/public_html/smsc-ekshop-gov-bd/vendor/fideloper/proxy/src/TrustProxies.php(57): Illuminate\\Pipeline\\Pipeline->Illuminate\\Pipeline\\{closure}(Object(Illuminate\\Http\\Request))
#43 /home4/jrwuzpmy/public_html/smsc-ekshop-gov-bd/vendor/laravel/framework/src/Illuminate/Pipeline/Pipeline.php(167): Fideloper\\Proxy\\TrustProxies->handle(Object(Illuminate\\Http\\Request), Object(Closure))
#44 /home4/jrwuzpmy/public_html/smsc-ekshop-gov-bd/vendor/laravel/framework/src/Illuminate/Pipeline/Pipeline.php(103): Illuminate\\Pipeline\\Pipeline->Illuminate\\Pipeline\\{closure}(Object(Illuminate\\Http\\Request))
#45 /home4/jrwuzpmy/public_html/smsc-ekshop-gov-bd/vendor/laravel/framework/src/Illuminate/Foundation/Http/Kernel.php(140): Illuminate\\Pipeline\\Pipeline->then(Object(Closure))
#46 /home4/jrwuzpmy/public_html/smsc-ekshop-gov-bd/vendor/laravel/framework/src/Illuminate/Foundation/Http/Kernel.php(109): Illuminate\\Foundation\\Http\\Kernel->sendRequestThroughRouter(Object(Illuminate\\Http\\Request))
#47 /home4/jrwuzpmy/public_html/smsc-ekshop-gov-bd/public/index.php(55): Illuminate\\Foundation\\Http\\Kernel->handle(Object(Illuminate\\Http\\Request))
#48 {main}
"} 
[2021-12-28 15:01:58] local.ERROR: Undefined index: msg_char_count {"exception":"[object] (ErrorException(code: 0): Undefined index: msg_char_count at /home4/jrwuzpmy/public_html/smsc-ekshop-gov-bd/app/Helpers/General.php:110)
[stacktrace]
#0 /home4/jrwuzpmy/public_html/smsc-ekshop-gov-bd/app/Helpers/General.php(110): Illuminate\\Foundation\\Bootstrap\\HandleExceptions->handleError(8, 'Undefined index...', '/home4/jrwuzpmy...', 110, Array)
#1 /home4/jrwuzpmy/public_html/smsc-ekshop-gov-bd/app/Http/Controllers/BulkSmsController.php(228): App\\Helpers\\General::setVfCreateValues(Array)
#2 /home4/jrwuzpmy/public_html/smsc-ekshop-gov-bd/app/Http/Controllers/BulkSmsController.php(868): App\\Http\\Controllers\\BulkSmsController->storeSuccessSms(Array)
#3 /home4/jrwuzpmy/public_html/smsc-ekshop-gov-bd/app/Http/Controllers/BulkSmsController.php(979): App\\Http\\Controllers\\BulkSmsController->teletalkSendSmsA2i(Array)
#4 /home4/jrwuzpmy/public_html/smsc-ekshop-gov-bd/app/Http/Controllers/BulkSmsController.php(111): App\\Http\\Controllers\\BulkSmsController->sendSms(Array)
#5 [internal function]: App\\Http\\Controllers\\BulkSmsController->ekShopPromotionSms(Object(Illuminate\\Http\\Request))
#6 /home4/jrwuzpmy/public_html/smsc-ekshop-gov-bd/vendor/laravel/framework/src/Illuminate/Routing/Controller.php(54): call_user_func_array(Array, Array)
#7 /home4/jrwuzpmy/public_html/smsc-ekshop-gov-bd/vendor/laravel/framework/src/Illuminate/Routing/ControllerDispatcher.php(45): Illuminate\\Routing\\Controller->callAction('ekShopPromotion...', Array)
#8 /home4/jrwuzpmy/public_html/smsc-ekshop-gov-bd/vendor/laravel/framework/src/Illuminate/Routing/Route.php(239): Illuminate\\Routing\\ControllerDispatcher->dispatch(Object(Illuminate\\Routing\\Route), Object(App\\Http\\Controllers\\BulkSmsController), 'ekShopPromotion...')
#9 /home4/jrwuzpmy/public_html/smsc-ekshop-gov-bd/vendor/laravel/framework/src/Illuminate/Routing/Route.php(196): Illuminate\\Routing\\Route->runController()
#10 /home4/jrwuzpmy/public_html/smsc-ekshop-gov-bd/vendor/laravel/framework/src/Illuminate/Routing/Router.php(685): Illuminate\\Routing\\Route->run()
#11 /home4/jrwuzpmy/public_html/smsc-ekshop-gov-bd/vendor/laravel/framework/src/Illuminate/Pipeline/Pipeline.php(128): Illuminate\\Routing\\Router->Illuminate\\Routing\\{closure}(Object(Illuminate\\Http\\Request))
#12 /home4/jrwuzpmy/public_html/smsc-ekshop-gov-bd/vendor/laravel/framework/src/Illuminate/Routing/Middleware/SubstituteBindings.php(41): Illuminate\\Pipeline\\Pipeline->Illuminate\\Pipeline\\{closure}(Object(Illuminate\\Http\\Request))
#13 /home4/jrwuzpmy/public_html/smsc-ekshop-gov-bd/vendor/laravel/framework/src/Illuminate/Pipeline/Pipeline.php(167): Illuminate\\Routing\\Middleware\\SubstituteBindings->handle(Object(Illuminate\\Http\\Request), Object(Closure))
#14 /home4/jrwuzpmy/public_html/smsc-ekshop-gov-bd/vendor/laravel/framework/src/Illuminate/Foundation/Http/Middleware/VerifyCsrfToken.php(77): Illuminate\\Pipeline\\Pipeline->Illuminate\\Pipeline\\{closure}(Object(Illuminate\\Http\\Request))
#15 /home4/jrwuzpmy/public_html/smsc-ekshop-gov-bd/vendor/laravel/framework/src/Illuminate/Pipeline/Pipeline.php(167): Illuminate\\Foundation\\Http\\Middleware\\VerifyCsrfToken->handle(Object(Illuminate\\Http\\Request), Object(Closure))
#16 /home4/jrwuzpmy/public_html/smsc-ekshop-gov-bd/vendor/laravel/framework/src/Illuminate/View/Middleware/ShareErrorsFromSession.php(49): Illuminate\\Pipeline\\Pipeline->Illuminate\\Pipeline\\{closure}(Object(Illuminate\\Http\\Request))
#17 /home4/jrwuzpmy/public_html/smsc-ekshop-gov-bd/vendor/laravel/framework/src/Illuminate/Pipeline/Pipeline.php(167): Illuminate\\View\\Middleware\\ShareErrorsFromSession->handle(Object(Illuminate\\Http\\Request), Object(Closure))
#18 /home4/jrwuzpmy/public_html/smsc-ekshop-gov-bd/vendor/laravel/framework/src/Illuminate/Session/Middleware/StartSession.php(116): Illuminate\\Pipeline\\Pipeline->Illuminate\\Pipeline\\{closure}(Object(Illuminate\\Http\\Request))
#19 /home4/jrwuzpmy/public_html/smsc-ekshop-gov-bd/vendor/laravel/framework/src/Illuminate/Session/Middleware/StartSession.php(62): Illuminate\\Session\\Middleware\\StartSession->handleStatefulRequest(Object(Illuminate\\Http\\Request), Object(Illuminate\\Session\\Store), Object(Closure))
#20 /home4/jrwuzpmy/public_html/smsc-ekshop-gov-bd/vendor/laravel/framework/src/Illuminate/Pipeline/Pipeline.php(167): Illuminate\\Session\\Middleware\\StartSession->handle(Object(Illuminate\\Http\\Request), Object(Closure))
#21 /home4/jrwuzpmy/public_html/smsc-ekshop-gov-bd/vendor/laravel/framework/src/Illuminate/Cookie/Middleware/AddQueuedCookiesToResponse.php(37): Illuminate\\Pipeline\\Pipeline->Illuminate\\Pipeline\\{closure}(Object(Illuminate\\Http\\Request))
#22 /home4/jrwuzpmy/public_html/smsc-ekshop-gov-bd/vendor/laravel/framework/src/Illuminate/Pipeline/Pipeline.php(167): Illuminate\\Cookie\\Middleware\\AddQueuedCookiesToResponse->handle(Object(Illuminate\\Http\\Request), Object(Closure))
#23 /home4/jrwuzpmy/public_html/smsc-ekshop-gov-bd/vendor/laravel/framework/src/Illuminate/Cookie/Middleware/EncryptCookies.php(67): Illuminate\\Pipeline\\Pipeline->Illuminate\\Pipeline\\{closure}(Object(Illuminate\\Http\\Request))
#24 /home4/jrwuzpmy/public_html/smsc-ekshop-gov-bd/vendor/laravel/framework/src/Illuminate/Pipeline/Pipeline.php(167): Illuminate\\Cookie\\Middleware\\EncryptCookies->handle(Object(Illuminate\\Http\\Request), Object(Closure))
#25 /home4/jrwuzpmy/public_html/smsc-ekshop-gov-bd/vendor/laravel/framework/src/Illuminate/Pipeline/Pipeline.php(103): Illuminate\\Pipeline\\Pipeline->Illuminate\\Pipeline\\{closure}(Object(Illuminate\\Http\\Request))
#26 /home4/jrwuzpmy/public_html/smsc-ekshop-gov-bd/vendor/laravel/framework/src/Illuminate/Routing/Router.php(687): Illuminate\\Pipeline\\Pipeline->then(Object(Closure))
#27 /home4/jrwuzpmy/public_html/smsc-ekshop-gov-bd/vendor/laravel/framework/src/Illuminate/Routing/Router.php(662): Illuminate\\Routing\\Router->runRouteWithinStack(Object(Illuminate\\Routing\\Route), Object(Illuminate\\Http\\Request))
#28 /home4/jrwuzpmy/public_html/smsc-ekshop-gov-bd/vendor/laravel/framework/src/Illuminate/Routing/Router.php(628): Illuminate\\Routing\\Router->runRoute(Object(Illuminate\\Http\\Request), Object(Illuminate\\Routing\\Route))
#29 /home4/jrwuzpmy/public_html/smsc-ekshop-gov-bd/vendor/laravel/framework/src/Illuminate/Routing/Router.php(617): Illuminate\\Routing\\Router->dispatchToRoute(Object(Illuminate\\Http\\Request))
#30 /home4/jrwuzpmy/public_html/smsc-ekshop-gov-bd/vendor/laravel/framework/src/Illuminate/Foundation/Http/Kernel.php(165): Illuminate\\Routing\\Router->dispatch(Object(Illuminate\\Http\\Request))
#31 /home4/jrwuzpmy/public_html/smsc-ekshop-gov-bd/vendor/laravel/framework/src/Illuminate/Pipeline/Pipeline.php(128): Illuminate\\Foundation\\Http\\Kernel->Illuminate\\Foundation\\Http\\{closure}(Object(Illuminate\\Http\\Request))
#32 /home4/jrwuzpmy/public_html/smsc-ekshop-gov-bd/vendor/laravel/framework/src/Illuminate/Foundation/Http/Middleware/TransformsRequest.php(21): Illuminate\\Pipeline\\Pipeline->Illuminate\\Pipeline\\{closure}(Object(Illuminate\\Http\\Request))
#33 /home4/jrwuzpmy/public_html/smsc-ekshop-gov-bd/vendor/laravel/framework/src/Illuminate/Pipeline/Pipeline.php(167): Illuminate\\Foundation\\Http\\Middleware\\TransformsRequest->handle(Object(Illuminate\\Http\\Request), Object(Closure))
#34 /home4/jrwuzpmy/public_html/smsc-ekshop-gov-bd/vendor/laravel/framework/src/Illuminate/Foundation/Http/Middleware/TransformsRequest.php(21): Illuminate\\Pipeline\\Pipeline->Illuminate\\Pipeline\\{closure}(Object(Illuminate\\Http\\Request))
#35 /home4/jrwuzpmy/public_html/smsc-ekshop-gov-bd/vendor/laravel/framework/src/Illuminate/Pipeline/Pipeline.php(167): Illuminate\\Foundation\\Http\\Middleware\\TransformsRequest->handle(Object(Illuminate\\Http\\Request), Object(Closure))
#36 /home4/jrwuzpmy/public_html/smsc-ekshop-gov-bd/vendor/laravel/framework/src/Illuminate/Foundation/Http/Middleware/ValidatePostSize.php(27): Illuminate\\Pipeline\\Pipeline->Illuminate\\Pipeline\\{closure}(Object(Illuminate\\Http\\Request))
#37 /home4/jrwuzpmy/public_html/smsc-ekshop-gov-bd/vendor/laravel/framework/src/Illuminate/Pipeline/Pipeline.php(167): Illuminate\\Foundation\\Http\\Middleware\\ValidatePostSize->handle(Object(Illuminate\\Http\\Request), Object(Closure))
#38 /home4/jrwuzpmy/public_html/smsc-ekshop-gov-bd/vendor/laravel/framework/src/Illuminate/Foundation/Http/Middleware/CheckForMaintenanceMode.php(63): Illuminate\\Pipeline\\Pipeline->Illuminate\\Pipeline\\{closure}(Object(Illuminate\\Http\\Request))
#39 /home4/jrwuzpmy/public_html/smsc-ekshop-gov-bd/vendor/laravel/framework/src/Illuminate/Pipeline/Pipeline.php(167): Illuminate\\Foundation\\Http\\Middleware\\CheckForMaintenanceMode->handle(Object(Illuminate\\Http\\Request), Object(Closure))
#40 /home4/jrwuzpmy/public_html/smsc-ekshop-gov-bd/vendor/fruitcake/laravel-cors/src/HandleCors.php(37): Illuminate\\Pipeline\\Pipeline->Illuminate\\Pipeline\\{closure}(Object(Illuminate\\Http\\Request))
#41 /home4/jrwuzpmy/public_html/smsc-ekshop-gov-bd/vendor/laravel/framework/src/Illuminate/Pipeline/Pipeline.php(167): Fruitcake\\Cors\\HandleCors->handle(Object(Illuminate\\Http\\Request), Object(Closure))
#42 /home4/jrwuzpmy/public_html/smsc-ekshop-gov-bd/vendor/fideloper/proxy/src/TrustProxies.php(57): Illuminate\\Pipeline\\Pipeline->Illuminate\\Pipeline\\{closure}(Object(Illuminate\\Http\\Request))
#43 /home4/jrwuzpmy/public_html/smsc-ekshop-gov-bd/vendor/laravel/framework/src/Illuminate/Pipeline/Pipeline.php(167): Fideloper\\Proxy\\TrustProxies->handle(Object(Illuminate\\Http\\Request), Object(Closure))
#44 /home4/jrwuzpmy/public_html/smsc-ekshop-gov-bd/vendor/laravel/framework/src/Illuminate/Pipeline/Pipeline.php(103): Illuminate\\Pipeline\\Pipeline->Illuminate\\Pipeline\\{closure}(Object(Illuminate\\Http\\Request))
#45 /home4/jrwuzpmy/public_html/smsc-ekshop-gov-bd/vendor/laravel/framework/src/Illuminate/Foundation/Http/Kernel.php(140): Illuminate\\Pipeline\\Pipeline->then(Object(Closure))
#46 /home4/jrwuzpmy/public_html/smsc-ekshop-gov-bd/vendor/laravel/framework/src/Illuminate/Foundation/Http/Kernel.php(109): Illuminate\\Foundation\\Http\\Kernel->sendRequestThroughRouter(Object(Illuminate\\Http\\Request))
#47 /home4/jrwuzpmy/public_html/smsc-ekshop-gov-bd/public/index.php(55): Illuminate\\Foundation\\Http\\Kernel->handle(Object(Illuminate\\Http\\Request))
#48 {main}
"} 
[2021-12-28 15:10:05] local.ERROR: Undefined index: msg_char_count {"exception":"[object] (ErrorException(code: 0): Undefined index: msg_char_count at /home4/jrwuzpmy/public_html/smsc-ekshop-gov-bd/app/Helpers/General.php:110)
[stacktrace]
#0 /home4/jrwuzpmy/public_html/smsc-ekshop-gov-bd/app/Helpers/General.php(110): Illuminate\\Foundation\\Bootstrap\\HandleExceptions->handleError(8, 'Undefined index...', '/home4/jrwuzpmy...', 110, Array)
#1 /home4/jrwuzpmy/public_html/smsc-ekshop-gov-bd/app/Http/Controllers/BulkSmsController.php(228): App\\Helpers\\General::setVfCreateValues(Array)
#2 /home4/jrwuzpmy/public_html/smsc-ekshop-gov-bd/app/Http/Controllers/BulkSmsController.php(868): App\\Http\\Controllers\\BulkSmsController->storeSuccessSms(Array)
#3 /home4/jrwuzpmy/public_html/smsc-ekshop-gov-bd/app/Http/Controllers/BulkSmsController.php(979): App\\Http\\Controllers\\BulkSmsController->teletalkSendSmsA2i(Array)
#4 /home4/jrwuzpmy/public_html/smsc-ekshop-gov-bd/app/Http/Controllers/BulkSmsController.php(111): App\\Http\\Controllers\\BulkSmsController->sendSms(Array)
#5 [internal function]: App\\Http\\Controllers\\BulkSmsController->ekShopPromotionSms(Object(Illuminate\\Http\\Request))
#6 /home4/jrwuzpmy/public_html/smsc-ekshop-gov-bd/vendor/laravel/framework/src/Illuminate/Routing/Controller.php(54): call_user_func_array(Array, Array)
#7 /home4/jrwuzpmy/public_html/smsc-ekshop-gov-bd/vendor/laravel/framework/src/Illuminate/Routing/ControllerDispatcher.php(45): Illuminate\\Routing\\Controller->callAction('ekShopPromotion...', Array)
#8 /home4/jrwuzpmy/public_html/smsc-ekshop-gov-bd/vendor/laravel/framework/src/Illuminate/Routing/Route.php(239): Illuminate\\Routing\\ControllerDispatcher->dispatch(Object(Illuminate\\Routing\\Route), Object(App\\Http\\Controllers\\BulkSmsController), 'ekShopPromotion...')
#9 /home4/jrwuzpmy/public_html/smsc-ekshop-gov-bd/vendor/laravel/framework/src/Illuminate/Routing/Route.php(196): Illuminate\\Routing\\Route->runController()
#10 /home4/jrwuzpmy/public_html/smsc-ekshop-gov-bd/vendor/laravel/framework/src/Illuminate/Routing/Router.php(685): Illuminate\\Routing\\Route->run()
#11 /home4/jrwuzpmy/public_html/smsc-ekshop-gov-bd/vendor/laravel/framework/src/Illuminate/Pipeline/Pipeline.php(128): Illuminate\\Routing\\Router->Illuminate\\Routing\\{closure}(Object(Illuminate\\Http\\Request))
#12 /home4/jrwuzpmy/public_html/smsc-ekshop-gov-bd/vendor/laravel/framework/src/Illuminate/Routing/Middleware/SubstituteBindings.php(41): Illuminate\\Pipeline\\Pipeline->Illuminate\\Pipeline\\{closure}(Object(Illuminate\\Http\\Request))
#13 /home4/jrwuzpmy/public_html/smsc-ekshop-gov-bd/vendor/laravel/framework/src/Illuminate/Pipeline/Pipeline.php(167): Illuminate\\Routing\\Middleware\\SubstituteBindings->handle(Object(Illuminate\\Http\\Request), Object(Closure))
#14 /home4/jrwuzpmy/public_html/smsc-ekshop-gov-bd/vendor/laravel/framework/src/Illuminate/Foundation/Http/Middleware/VerifyCsrfToken.php(77): Illuminate\\Pipeline\\Pipeline->Illuminate\\Pipeline\\{closure}(Object(Illuminate\\Http\\Request))
#15 /home4/jrwuzpmy/public_html/smsc-ekshop-gov-bd/vendor/laravel/framework/src/Illuminate/Pipeline/Pipeline.php(167): Illuminate\\Foundation\\Http\\Middleware\\VerifyCsrfToken->handle(Object(Illuminate\\Http\\Request), Object(Closure))
#16 /home4/jrwuzpmy/public_html/smsc-ekshop-gov-bd/vendor/laravel/framework/src/Illuminate/View/Middleware/ShareErrorsFromSession.php(49): Illuminate\\Pipeline\\Pipeline->Illuminate\\Pipeline\\{closure}(Object(Illuminate\\Http\\Request))
#17 /home4/jrwuzpmy/public_html/smsc-ekshop-gov-bd/vendor/laravel/framework/src/Illuminate/Pipeline/Pipeline.php(167): Illuminate\\View\\Middleware\\ShareErrorsFromSession->handle(Object(Illuminate\\Http\\Request), Object(Closure))
#18 /home4/jrwuzpmy/public_html/smsc-ekshop-gov-bd/vendor/laravel/framework/src/Illuminate/Session/Middleware/StartSession.php(116): Illuminate\\Pipeline\\Pipeline->Illuminate\\Pipeline\\{closure}(Object(Illuminate\\Http\\Request))
#19 /home4/jrwuzpmy/public_html/smsc-ekshop-gov-bd/vendor/laravel/framework/src/Illuminate/Session/Middleware/StartSession.php(62): Illuminate\\Session\\Middleware\\StartSession->handleStatefulRequest(Object(Illuminate\\Http\\Request), Object(Illuminate\\Session\\Store), Object(Closure))
#20 /home4/jrwuzpmy/public_html/smsc-ekshop-gov-bd/vendor/laravel/framework/src/Illuminate/Pipeline/Pipeline.php(167): Illuminate\\Session\\Middleware\\StartSession->handle(Object(Illuminate\\Http\\Request), Object(Closure))
#21 /home4/jrwuzpmy/public_html/smsc-ekshop-gov-bd/vendor/laravel/framework/src/Illuminate/Cookie/Middleware/AddQueuedCookiesToResponse.php(37): Illuminate\\Pipeline\\Pipeline->Illuminate\\Pipeline\\{closure}(Object(Illuminate\\Http\\Request))
#22 /home4/jrwuzpmy/public_html/smsc-ekshop-gov-bd/vendor/laravel/framework/src/Illuminate/Pipeline/Pipeline.php(167): Illuminate\\Cookie\\Middleware\\AddQueuedCookiesToResponse->handle(Object(Illuminate\\Http\\Request), Object(Closure))
#23 /home4/jrwuzpmy/public_html/smsc-ekshop-gov-bd/vendor/laravel/framework/src/Illuminate/Cookie/Middleware/EncryptCookies.php(67): Illuminate\\Pipeline\\Pipeline->Illuminate\\Pipeline\\{closure}(Object(Illuminate\\Http\\Request))
#24 /home4/jrwuzpmy/public_html/smsc-ekshop-gov-bd/vendor/laravel/framework/src/Illuminate/Pipeline/Pipeline.php(167): Illuminate\\Cookie\\Middleware\\EncryptCookies->handle(Object(Illuminate\\Http\\Request), Object(Closure))
#25 /home4/jrwuzpmy/public_html/smsc-ekshop-gov-bd/vendor/laravel/framework/src/Illuminate/Pipeline/Pipeline.php(103): Illuminate\\Pipeline\\Pipeline->Illuminate\\Pipeline\\{closure}(Object(Illuminate\\Http\\Request))
#26 /home4/jrwuzpmy/public_html/smsc-ekshop-gov-bd/vendor/laravel/framework/src/Illuminate/Routing/Router.php(687): Illuminate\\Pipeline\\Pipeline->then(Object(Closure))
#27 /home4/jrwuzpmy/public_html/smsc-ekshop-gov-bd/vendor/laravel/framework/src/Illuminate/Routing/Router.php(662): Illuminate\\Routing\\Router->runRouteWithinStack(Object(Illuminate\\Routing\\Route), Object(Illuminate\\Http\\Request))
#28 /home4/jrwuzpmy/public_html/smsc-ekshop-gov-bd/vendor/laravel/framework/src/Illuminate/Routing/Router.php(628): Illuminate\\Routing\\Router->runRoute(Object(Illuminate\\Http\\Request), Object(Illuminate\\Routing\\Route))
#29 /home4/jrwuzpmy/public_html/smsc-ekshop-gov-bd/vendor/laravel/framework/src/Illuminate/Routing/Router.php(617): Illuminate\\Routing\\Router->dispatchToRoute(Object(Illuminate\\Http\\Request))
#30 /home4/jrwuzpmy/public_html/smsc-ekshop-gov-bd/vendor/laravel/framework/src/Illuminate/Foundation/Http/Kernel.php(165): Illuminate\\Routing\\Router->dispatch(Object(Illuminate\\Http\\Request))
#31 /home4/jrwuzpmy/public_html/smsc-ekshop-gov-bd/vendor/laravel/framework/src/Illuminate/Pipeline/Pipeline.php(128): Illuminate\\Foundation\\Http\\Kernel->Illuminate\\Foundation\\Http\\{closure}(Object(Illuminate\\Http\\Request))
#32 /home4/jrwuzpmy/public_html/smsc-ekshop-gov-bd/vendor/laravel/framework/src/Illuminate/Foundation/Http/Middleware/TransformsRequest.php(21): Illuminate\\Pipeline\\Pipeline->Illuminate\\Pipeline\\{closure}(Object(Illuminate\\Http\\Request))
#33 /home4/jrwuzpmy/public_html/smsc-ekshop-gov-bd/vendor/laravel/framework/src/Illuminate/Pipeline/Pipeline.php(167): Illuminate\\Foundation\\Http\\Middleware\\TransformsRequest->handle(Object(Illuminate\\Http\\Request), Object(Closure))
#34 /home4/jrwuzpmy/public_html/smsc-ekshop-gov-bd/vendor/laravel/framework/src/Illuminate/Foundation/Http/Middleware/TransformsRequest.php(21): Illuminate\\Pipeline\\Pipeline->Illuminate\\Pipeline\\{closure}(Object(Illuminate\\Http\\Request))
#35 /home4/jrwuzpmy/public_html/smsc-ekshop-gov-bd/vendor/laravel/framework/src/Illuminate/Pipeline/Pipeline.php(167): Illuminate\\Foundation\\Http\\Middleware\\TransformsRequest->handle(Object(Illuminate\\Http\\Request), Object(Closure))
#36 /home4/jrwuzpmy/public_html/smsc-ekshop-gov-bd/vendor/laravel/framework/src/Illuminate/Foundation/Http/Middleware/ValidatePostSize.php(27): Illuminate\\Pipeline\\Pipeline->Illuminate\\Pipeline\\{closure}(Object(Illuminate\\Http\\Request))
#37 /home4/jrwuzpmy/public_html/smsc-ekshop-gov-bd/vendor/laravel/framework/src/Illuminate/Pipeline/Pipeline.php(167): Illuminate\\Foundation\\Http\\Middleware\\ValidatePostSize->handle(Object(Illuminate\\Http\\Request), Object(Closure))
#38 /home4/jrwuzpmy/public_html/smsc-ekshop-gov-bd/vendor/laravel/framework/src/Illuminate/Foundation/Http/Middleware/CheckForMaintenanceMode.php(63): Illuminate\\Pipeline\\Pipeline->Illuminate\\Pipeline\\{closure}(Object(Illuminate\\Http\\Request))
#39 /home4/jrwuzpmy/public_html/smsc-ekshop-gov-bd/vendor/laravel/framework/src/Illuminate/Pipeline/Pipeline.php(167): Illuminate\\Foundation\\Http\\Middleware\\CheckForMaintenanceMode->handle(Object(Illuminate\\Http\\Request), Object(Closure))
#40 /home4/jrwuzpmy/public_html/smsc-ekshop-gov-bd/vendor/fruitcake/laravel-cors/src/HandleCors.php(37): Illuminate\\Pipeline\\Pipeline->Illuminate\\Pipeline\\{closure}(Object(Illuminate\\Http\\Request))
#41 /home4/jrwuzpmy/public_html/smsc-ekshop-gov-bd/vendor/laravel/framework/src/Illuminate/Pipeline/Pipeline.php(167): Fruitcake\\Cors\\HandleCors->handle(Object(Illuminate\\Http\\Request), Object(Closure))
#42 /home4/jrwuzpmy/public_html/smsc-ekshop-gov-bd/vendor/fideloper/proxy/src/TrustProxies.php(57): Illuminate\\Pipeline\\Pipeline->Illuminate\\Pipeline\\{closure}(Object(Illuminate\\Http\\Request))
#43 /home4/jrwuzpmy/public_html/smsc-ekshop-gov-bd/vendor/laravel/framework/src/Illuminate/Pipeline/Pipeline.php(167): Fideloper\\Proxy\\TrustProxies->handle(Object(Illuminate\\Http\\Request), Object(Closure))
#44 /home4/jrwuzpmy/public_html/smsc-ekshop-gov-bd/vendor/laravel/framework/src/Illuminate/Pipeline/Pipeline.php(103): Illuminate\\Pipeline\\Pipeline->Illuminate\\Pipeline\\{closure}(Object(Illuminate\\Http\\Request))
#45 /home4/jrwuzpmy/public_html/smsc-ekshop-gov-bd/vendor/laravel/framework/src/Illuminate/Foundation/Http/Kernel.php(140): Illuminate\\Pipeline\\Pipeline->then(Object(Closure))
#46 /home4/jrwuzpmy/public_html/smsc-ekshop-gov-bd/vendor/laravel/framework/src/Illuminate/Foundation/Http/Kernel.php(109): Illuminate\\Foundation\\Http\\Kernel->sendRequestThroughRouter(Object(Illuminate\\Http\\Request))
#47 /home4/jrwuzpmy/public_html/smsc-ekshop-gov-bd/public/index.php(55): Illuminate\\Foundation\\Http\\Kernel->handle(Object(Illuminate\\Http\\Request))
#48 {main}
"} 
